0 info it worked if it ends with ok
1 verbose cli [ '/usr/local/bin/node', '/usr/local/bin/npm', 'run', 'cover' ]
2 info using npm@3.10.10
3 info using node@v6.10.3
4 verbose run-script [ 'precover', 'cover', 'postcover' ]
5 info lifecycle npm_demo_mattyao@0.0.0-semantically-released~precover: npm_demo_mattyao@0.0.0-semantically-released
6 silly lifecycle npm_demo_mattyao@0.0.0-semantically-released~precover: no script for precover, continuing
7 info lifecycle npm_demo_mattyao@0.0.0-semantically-released~cover: npm_demo_mattyao@0.0.0-semantically-released
8 verbose lifecycle npm_demo_mattyao@0.0.0-semantically-released~cover: unsafe-perm in lifecycle true
9 verbose lifecycle npm_demo_mattyao@0.0.0-semantically-released~cover: PATH: /usr/local/lib/node_modules/npm/bin/node-gyp-bin:/Users/myao/Documents/Odecee/coding_pracs/npm_lib/npm_demo/node_modules/.bin:/usr/local/bin:/usr/bin:/bin:/usr/sbin:/sbin
10 verbose lifecycle npm_demo_mattyao@0.0.0-semantically-released~cover: CWD: /Users/myao/Documents/Odecee/coding_pracs/npm_lib/npm_demo
11 silly lifecycle npm_demo_mattyao@0.0.0-semantically-released~cover: Args: [ '-c', 'nyc npm run test' ]
12 silly lifecycle npm_demo_mattyao@0.0.0-semantically-released~cover: Returned: code: 1  signal: null
13 info lifecycle npm_demo_mattyao@0.0.0-semantically-released~cover: Failed to exec cover script
14 verbose stack Error: npm_demo_mattyao@0.0.0-semantically-released cover: `nyc npm run test`
14 verbose stack Exit status 1
14 verbose stack     at EventEmitter.<anonymous> (/usr/local/lib/node_modules/npm/lib/utils/lifecycle.js:255:16)
14 verbose stack     at emitTwo (events.js:106:13)
14 verbose stack     at EventEmitter.emit (events.js:191:7)
14 verbose stack     at ChildProcess.<anonymous> (/usr/local/lib/node_modules/npm/lib/utils/spawn.js:40:14)
14 verbose stack     at emitTwo (events.js:106:13)
14 verbose stack     at ChildProcess.emit (events.js:191:7)
14 verbose stack     at maybeClose (internal/child_process.js:886:16)
14 verbose stack     at Process.ChildProcess._handle.onexit (internal/child_process.js:226:5)
15 verbose pkgid npm_demo_mattyao@0.0.0-semantically-released
16 verbose cwd /Users/myao/Documents/Odecee/coding_pracs/npm_lib/npm_demo
17 error Darwin 16.6.0
18 error argv "/usr/local/bin/node" "/usr/local/bin/npm" "run" "cover"
19 error node v6.10.3
20 error npm  v3.10.10
21 error code ELIFECYCLE
22 error npm_demo_mattyao@0.0.0-semantically-released cover: `nyc npm run test`
22 error Exit status 1
23 error Failed at the npm_demo_mattyao@0.0.0-semantically-released cover script 'nyc npm run test'.
23 error Make sure you have the latest version of node.js and npm installed.
23 error If you do, this is most likely a problem with the npm_demo_mattyao package,
23 error not with npm itself.
23 error Tell the author that this fails on your system:
23 error     nyc npm run test
23 error You can get information on how to open an issue for this project with:
23 error     npm bugs npm_demo_mattyao
23 error Or if that isn't available, you can get their info via:
23 error     npm owner ls npm_demo_mattyao
23 error There is likely additional logging output above.
24 verbose exit [ 1, true ]
